[2025-07-28 15:05:52] [SISTEMA] === NOVA SESSÃO INICIADA ===
[2025-07-28 15:05:52] [SISTEMA] Conectado ao RabbitMQ - Exchange: gateway_dados_topic
[2025-07-28 15:05:52] [SISTEMA] Serviço de Base de Dados iniciado e aguardando dados...
[2025-07-28 15:16:17] [SISTEMA] === NOVA SESSÃO INICIADA ===
[2025-07-28 15:16:18] [SISTEMA] Conectado ao RabbitMQ - Exchange: gateway_dados_topic
[2025-07-28 15:16:18] [SISTEMA] Serviço de Base de Dados iniciado e aguardando dados...
[2025-07-28 15:27:38] [SISTEMA] === NOVA SESSÃO INICIADA ===
[2025-07-28 15:27:38] [SISTEMA] Conectado ao RabbitMQ - Exchange: gateway_dados_topic
[2025-07-28 15:27:38] [SISTEMA] Serviço de Base de Dados iniciado e aguardando dados...
[2025-07-28 15:39:48] [SISTEMA] === NOVA SESSÃO INICIADA ===
[2025-07-28 15:39:48] [SISTEMA] Conectado ao RabbitMQ - Exchange: gateway_dados_topic
[2025-07-28 15:39:48] [SISTEMA] Serviço de Base de Dados iniciado e aguardando dados...
[2025-07-28 15:40:19] [DADOS.NORTE] [norte | 35,85 | 51,79 | 989,96 | 801,40]
[2025-07-28 15:40:19] [DADOS.OESTE] [oeste | 33,30 | 48,50 | 990,71 | 231,49]
[2025-07-28 15:40:19] [DADOS.SUL] [sul | 34,10 | 53,66 | 957,87 | 536,78]
[2025-07-28 15:40:19] [DADOS.LESTE] [leste | 35,12 | 40,96 | 976,12 | 604,33]
[2025-07-28 15:40:21] [DADOS.NORTE] [norte | 36,01 | 69,01 | 1007,44 | 981,63]
[2025-07-28 15:40:21] [DADOS.LESTE] [leste | 26,20 | 41,84 | 966,46 | 126,50]
[2025-07-28 15:40:22] [DADOS.SUL] [sul | 30,82 | 71,67 | 1027,41 | 789,91]
[2025-07-28 15:40:22] [DADOS.OESTE] [oeste | 23,46 | 33,08 | 976,33 | 164,01]
[2025-07-28 15:40:24] [DADOS.NORTE] [norte | 31,64 | 58,07 | 1037,01 | 305,00]
[2025-07-28 15:40:24] [DADOS.LESTE] [leste | 25,34 | 46,86 | 975,85 | 284,21]
[2025-07-28 15:40:24] [DADOS.SUL] [sul | 17,85 | 34,92 | 1032,60 | 581,15]
[2025-07-28 15:40:25] [DADOS.OESTE] [oeste | 35,59 | 46,87 | 1034,03 | 729,21]
[2025-07-28 15:40:26] [DADOS.NORTE] [norte | 25,61 | 48,24 | 1004,07 | 197,99]
[2025-07-28 15:40:26] [DADOS.LESTE] [leste | 33,81 | 64,80 | 981,12 | 917,36]
[2025-07-28 15:40:27] [DADOS.SUL] [sul | 23,81 | 36,10 | 968,98 | 153,90]
[2025-07-28 15:40:28] [DADOS.NORTE] [norte | 38,04 | 74,74 | 998,76 | 234,85]
[2025-07-28 15:40:28] [DADOS.OESTE] [oeste | 18,94 | 79,44 | 1007,12 | 803,87]
[2025-07-28 15:40:29] [DADOS.LESTE] [leste | 18,98 | 38,60 | 964,22 | 420,72]
[2025-07-28 15:40:30] [DADOS.SUL] [sul | 20,91 | 67,36 | 1010,99 | 530,91]
[2025-07-28 15:40:31] [DADOS.NORTE] [norte | 26,86 | 37,37 | 1043,18 | 566,17]
[2025-07-28 15:40:31] [DADOS.LESTE] [leste | 25,63 | 38,18 | 985,33 | 862,77]
[2025-07-28 15:40:32] [DADOS.OESTE] [oeste | 27,24 | 49,42 | 1005,48 | 329,99]
[2025-07-28 15:40:33] [DADOS.SUL] [sul | 17,17 | 53,41 | 978,88 | 254,77]
[2025-07-28 15:40:33] [DADOS.NORTE] [norte | 18,96 | 75,07 | 997,97 | 207,28]
[2025-07-28 15:40:34] [DADOS.LESTE] [leste | 33,23 | 65,43 | 1006,70 | 765,12]
[2025-07-28 15:40:35] [DADOS.OESTE] [oeste | 34,96 | 73,06 | 1047,31 | 390,15]
[2025-07-28 15:40:36] [DADOS.SUL] [sul | 21,68 | 78,19 | 1028,29 | 399,26]
[2025-07-28 15:40:36] [DADOS.NORTE] [norte | 24,42 | 32,62 | 965,63 | 371,92]
[2025-07-28 15:40:36] [DADOS.LESTE] [leste | 32,50 | 79,02 | 1019,42 | 552,77]
[2025-07-28 15:40:38] [DADOS.NORTE] [norte | 18,31 | 30,41 | 952,96 | 539,10]
[2025-07-28 15:40:38] [DADOS.OESTE] [oeste | 36,48 | 70,91 | 983,33 | 128,13]
[2025-07-28 15:40:38] [DADOS.SUL] [sul | 25,02 | 30,01 | 1049,46 | 624,45]
[2025-07-28 15:40:39] [DADOS.LESTE] [leste | 26,61 | 53,71 | 952,03 | 229,25]
[2025-07-28 15:40:40] [DADOS.NORTE] [norte | 28,86 | 77,97 | 974,54 | 610,17]
[2025-07-28 15:40:41] [DADOS.SUL] [sul | 34,54 | 75,29 | 980,95 | 440,47]
[2025-07-28 15:40:41] [DADOS.LESTE] [leste | 39,03 | 46,93 | 994,55 | 352,71]
[2025-07-28 15:40:41] [DADOS.OESTE] [oeste | 18,35 | 46,11 | 973,35 | 256,85]
[2025-07-28 15:40:43] [DADOS.NORTE] [norte | 15,54 | 47,46 | 1014,97 | 846,53]
[2025-07-28 15:40:44] [DADOS.LESTE] [leste | 31,09 | 55,09 | 954,62 | 788,85]
[2025-07-28 15:40:44] [DADOS.SUL] [sul | 29,75 | 77,21 | 1027,21 | 752,04]
[2025-07-28 15:40:45] [DADOS.OESTE] [oeste | 39,45 | 60,71 | 1044,14 | 878,37]
[2025-07-28 15:40:45] [DADOS.NORTE] [norte | 32,74 | 43,46 | 1019,02 | 578,60]
[2025-07-28 15:40:46] [DADOS.LESTE] [leste | 22,93 | 53,75 | 973,33 | 795,27]
[2025-07-28 15:40:47] [DADOS.SUL] [sul | 33,46 | 50,98 | 1018,68 | 479,56]
[2025-07-28 15:40:48] [DADOS.NORTE] [norte | 27,35 | 71,83 | 1045,49 | 941,81]
[2025-07-28 15:40:48] [DADOS.OESTE] [oeste | 27,57 | 50,23 | 982,49 | 638,73]
[2025-07-28 15:40:49] [DADOS.LESTE] [leste | 21,86 | 78,49 | 967,48 | 947,77]
[2025-07-28 15:40:50] [DADOS.SUL] [sul | 28,15 | 44,33 | 968,83 | 690,67]
[2025-07-28 15:40:50] [DADOS.NORTE] [norte | 38,23 | 70,97 | 1003,19 | 826,24]
[2025-07-28 15:40:51] [DADOS.LESTE] [leste | 16,70 | 67,90 | 1032,34 | 353,72]
[2025-07-28 15:40:51] [DADOS.OESTE] [oeste | 28,81 | 50,28 | 1007,42 | 954,29]
[2025-07-28 15:40:52] [DADOS.SUL] [sul | 34,66 | 48,19 | 963,25 | 331,18]
[2025-07-28 15:40:53] [DADOS.NORTE] [norte | 26,53 | 75,88 | 985,67 | 923,36]
[2025-07-28 15:40:54] [DADOS.LESTE] [leste | 20,88 | 56,10 | 1034,49 | 310,34]
[2025-07-28 15:40:54] [DADOS.OESTE] [oeste | 27,54 | 63,32 | 1021,48 | 375,40]
[2025-07-28 15:40:55] [DADOS.NORTE] [norte | 17,64 | 36,81 | 1035,05 | 115,26]
[2025-07-28 15:40:55] [DADOS.SUL] [sul | 37,42 | 79,44 | 962,44 | 413,89]
[2025-07-28 15:40:56] [DADOS.LESTE] [leste | 16,17 | 70,07 | 1047,49 | 556,31]
[2025-07-28 15:40:57] [DADOS.NORTE] [norte | 29,89 | 61,58 | 994,55 | 279,92]
[2025-07-28 15:40:58] [DADOS.OESTE] [oeste | 15,28 | 68,20 | 962,94 | 298,59]
[2025-07-28 15:40:58] [DADOS.SUL] [sul | 35,57 | 35,22 | 1012,45 | 509,62]
[2025-07-28 15:40:59] [DADOS.LESTE] [leste | 36,70 | 55,90 | 1035,39 | 133,98]
[2025-07-28 15:41:00] [DADOS.NORTE] [norte | 24,55 | 43,13 | 954,67 | 279,05]
[2025-07-28 15:41:01] [DADOS.SUL] [sul | 24,27 | 45,33 | 1034,94 | 386,10]
[2025-07-28 15:41:01] [DADOS.OESTE] [oeste | 26,23 | 69,65 | 967,46 | 998,77]
[2025-07-28 15:41:01] [DADOS.LESTE] [leste | 16,33 | 79,07 | 968,22 | 726,58]
[2025-07-28 15:41:02] [DADOS.NORTE] [norte | 38,61 | 71,50 | 958,22 | 554,68]
[2025-07-28 15:41:04] [DADOS.SUL] [sul | 38,78 | 47,85 | 1012,18 | 857,04]
[2025-07-28 15:41:04] [DADOS.LESTE] [leste | 24,27 | 66,18 | 962,00 | 259,63]
[2025-07-28 15:41:04] [DADOS.OESTE] [oeste | 25,28 | 50,18 | 1001,05 | 229,49]
[2025-07-28 15:41:05] [DADOS.NORTE] [norte | 29,52 | 62,49 | 1006,05 | 684,93]
[2025-07-28 15:41:06] [DADOS.LESTE] [leste | 36,25 | 79,29 | 971,63 | 859,35]
[2025-07-28 15:41:06] [DADOS.SUL] [sul | 26,15 | 30,63 | 991,00 | 636,53]
[2025-07-28 15:41:07] [DADOS.NORTE] [norte | 20,49 | 63,74 | 996,83 | 139,90]
[2025-07-28 15:41:07] [DADOS.OESTE] [oeste | 31,88 | 72,25 | 1044,30 | 230,89]
[2025-07-28 15:41:09] [DADOS.LESTE] [leste | 29,53 | 39,53 | 1029,19 | 241,91]
[2025-07-28 15:41:09] [DADOS.SUL] [sul | 20,80 | 70,23 | 1005,05 | 341,77]
[2025-07-28 15:41:09] [DADOS.NORTE] [norte | 35,43 | 72,54 | 1042,21 | 234,66]
[2025-07-28 15:41:11] [DADOS.OESTE] [oeste | 38,85 | 34,11 | 992,09 | 892,92]
[2025-07-28 15:41:11] [DADOS.LESTE] [leste | 26,28 | 43,79 | 1012,50 | 766,99]
[2025-07-28 15:41:12] [DADOS.NORTE] [norte | 30,07 | 68,71 | 1021,34 | 597,74]
[2025-07-28 15:41:12] [DADOS.SUL] [sul | 15,30 | 58,80 | 954,50 | 351,11]
[2025-07-28 15:41:14] [DADOS.LESTE] [leste | 15,24 | 46,57 | 1049,22 | 126,61]
[2025-07-28 15:41:14] [DADOS.OESTE] [oeste | 15,51 | 58,89 | 982,67 | 644,03]
[2025-07-28 15:41:14] [DADOS.NORTE] [norte | 34,02 | 30,21 | 977,90 | 760,82]
[2025-07-28 15:41:15] [DADOS.SUL] [sul | 36,76 | 38,11 | 988,62 | 603,66]
[2025-07-28 15:41:16] [DADOS.LESTE] [leste | 31,70 | 59,43 | 1010,24 | 956,07]
[2025-07-28 15:41:17] [DADOS.NORTE] [norte | 18,52 | 58,72 | 1017,03 | 928,12]
[2025-07-28 15:41:17] [DADOS.OESTE] [oeste | 18,30 | 42,85 | 985,31 | 174,79]
[2025-07-28 15:41:18] [DADOS.SUL] [sul | 37,23 | 59,88 | 1008,13 | 221,78]
[2025-07-28 15:41:19] [DADOS.LESTE] [leste | 20,18 | 52,17 | 1022,83 | 147,51]
[2025-07-28 15:41:19] [DADOS.NORTE] [norte | 21,20 | 47,38 | 1029,40 | 502,48]
[2025-07-28 15:41:20] [DADOS.OESTE] [oeste | 19,89 | 55,26 | 956,75 | 960,00]
[2025-07-28 15:41:20] [DADOS.SUL] [sul | 33,38 | 61,00 | 1041,47 | 748,45]
[2025-07-28 15:41:21] [DADOS.LESTE] [leste | 18,53 | 72,89 | 1038,76 | 118,76]
[2025-07-28 15:41:22] [DADOS.NORTE] [norte | 16,56 | 73,26 | 955,73 | 529,19]
[2025-07-28 15:41:23] [DADOS.SUL] [sul | 36,56 | 32,55 | 951,80 | 117,66]
[2025-07-28 15:41:24] [DADOS.OESTE] [oeste | 34,42 | 69,49 | 1023,09 | 812,86]
[2025-07-28 15:41:24] [DADOS.LESTE] [leste | 35,64 | 39,24 | 1025,61 | 639,97]
[2025-07-28 15:41:24] [DADOS.NORTE] [norte | 20,15 | 42,31 | 1005,86 | 768,23]
[2025-07-28 15:41:26] [DADOS.SUL] [sul | 23,88 | 71,72 | 1000,36 | 818,08]
[2025-07-28 15:41:26] [DADOS.LESTE] [leste | 23,14 | 39,20 | 1010,29 | 549,11]
[2025-07-28 15:41:26] [DADOS.NORTE] [norte | 30,23 | 55,91 | 963,67 | 321,19]
[2025-07-28 15:41:27] [DADOS.OESTE] [oeste | 37,43 | 61,89 | 956,18 | 690,70]
[2025-07-28 15:41:29] [DADOS.LESTE] [leste | 39,08 | 67,93 | 993,30 | 993,44]
[2025-07-28 15:41:29] [DADOS.SUL] [sul | 39,72 | 36,63 | 1025,51 | 167,48]
[2025-07-28 15:41:29] [DADOS.NORTE] [norte | 17,21 | 53,90 | 1041,66 | 519,73]
[2025-07-28 15:41:30] [DADOS.OESTE] [oeste | 28,12 | 43,01 | 991,26 | 272,65]
[2025-07-28 15:41:31] [DADOS.LESTE] [leste | 18,96 | 66,61 | 969,19 | 618,69]
[2025-07-28 15:41:31] [DADOS.NORTE] [norte | 19,93 | 70,75 | 996,90 | 729,33]
[2025-07-28 15:41:32] [DADOS.SUL] [sul | 34,62 | 74,93 | 996,63 | 988,90]
[2025-07-28 15:41:33] [DADOS.OESTE] [oeste | 35,49 | 33,35 | 976,11 | 446,80]
[2025-07-28 15:41:34] [DADOS.LESTE] [leste | 31,05 | 70,26 | 1034,35 | 290,26]
[2025-07-28 15:41:34] [DADOS.NORTE] [norte | 22,27 | 68,09 | 984,20 | 634,13]
[2025-07-28 15:41:34] [DADOS.SUL] [sul | 19,61 | 68,51 | 967,60 | 967,85]
[2025-07-28 15:41:36] [DADOS.LESTE] [leste | 24,34 | 64,22 | 1036,70 | 471,52]
[2025-07-28 15:41:36] [DADOS.NORTE] [norte | 15,12 | 79,22 | 1001,32 | 846,49]
[2025-07-28 15:41:37] [DADOS.OESTE] [oeste | 26,87 | 63,98 | 951,06 | 276,87]
[2025-07-28 15:41:37] [DADOS.SUL] [sul | 39,71 | 78,22 | 985,06 | 874,80]
[2025-07-28 15:41:39] [DADOS.NORTE] [norte | 21,01 | 68,36 | 976,58 | 228,47]
[2025-07-28 15:41:39] [DADOS.LESTE] [leste | 28,04 | 43,05 | 1023,40 | 702,93]
[2025-07-28 15:41:40] [DADOS.OESTE] [oeste | 38,95 | 71,24 | 1033,82 | 266,46]
[2025-07-28 15:41:40] [DADOS.SUL] [sul | 24,37 | 34,50 | 1003,80 | 656,67]
[2025-07-28 15:41:41] [DADOS.NORTE] [norte | 22,78 | 70,39 | 959,18 | 621,36]
[2025-07-28 15:41:41] [DADOS.LESTE] [leste | 32,38 | 61,47 | 972,76 | 523,04]
[2025-07-28 15:41:43] [DADOS.SUL] [sul | 30,77 | 52,12 | 1023,37 | 837,10]
[2025-07-28 15:41:43] [DADOS.OESTE] [oeste | 16,27 | 63,15 | 1023,60 | 202,79]
[2025-07-28 15:41:43] [DADOS.NORTE] [norte | 18,22 | 34,73 | 999,68 | 954,23]
[2025-07-28 15:41:44] [DADOS.LESTE] [leste | 19,64 | 64,25 | 954,11 | 547,14]
[2025-07-28 15:41:46] [DADOS.SUL] [sul | 32,93 | 49,71 | 988,03 | 316,29]
[2025-07-28 15:41:46] [DADOS.NORTE] [norte | 19,22 | 50,42 | 1049,05 | 942,73]
[2025-07-28 15:41:46] [DADOS.LESTE] [leste | 24,37 | 30,72 | 1045,76 | 472,80]
[2025-07-28 15:41:46] [DADOS.OESTE] [oeste | 36,35 | 64,59 | 1044,83 | 341,22]
[2025-07-28 15:41:48] [DADOS.NORTE] [norte | 27,14 | 78,19 | 963,04 | 295,32]
[2025-07-28 15:41:48] [DADOS.SUL] [sul | 25,61 | 77,86 | 985,69 | 228,24]
[2025-07-28 15:41:49] [DADOS.LESTE] [leste | 30,27 | 70,31 | 954,93 | 112,85]
[2025-07-28 15:41:50] [DADOS.OESTE] [oeste | 23,71 | 47,77 | 1022,32 | 886,97]
[2025-07-28 15:41:51] [DADOS.NORTE] [norte | 21,11 | 59,26 | 971,19 | 315,73]
[2025-07-28 15:41:51] [DADOS.LESTE] [leste | 34,93 | 57,04 | 1026,38 | 465,70]
[2025-07-28 15:41:51] [DADOS.SUL] [sul | 31,70 | 52,48 | 1040,44 | 595,69]
[2025-07-28 15:41:53] [DADOS.OESTE] [oeste | 31,68 | 74,03 | 1017,04 | 640,77]
[2025-07-28 15:41:53] [DADOS.NORTE] [norte | 16,36 | 59,89 | 958,92 | 127,67]
[2025-07-28 15:41:54] [DADOS.LESTE] [leste | 31,40 | 45,00 | 996,21 | 420,67]
[2025-07-28 15:41:54] [DADOS.SUL] [sul | 25,62 | 54,07 | 1017,96 | 321,16]
[2025-07-28 15:41:55] [DADOS.NORTE] [norte | 37,73 | 45,40 | 1015,28 | 550,56]
[2025-07-28 15:41:56] [DADOS.LESTE] [leste | 18,29 | 61,58 | 1046,45 | 861,60]
[2025-07-28 15:41:56] [DADOS.OESTE] [oeste | 26,84 | 63,37 | 954,46 | 601,93]
[2025-07-28 15:41:57] [DADOS.SUL] [sul | 37,96 | 36,85 | 953,60 | 566,35]
[2025-07-28 15:41:58] [DADOS.NORTE] [norte | 31,95 | 57,19 | 1019,21 | 323,62]
[2025-07-28 15:41:58] [DADOS.LESTE] [leste | 31,95 | 32,07 | 1042,31 | 475,83]
[2025-07-28 15:41:59] [DADOS.OESTE] [oeste | 20,65 | 68,54 | 1045,81 | 663,76]
[2025-07-28 15:42:00] [DADOS.SUL] [sul | 38,03 | 46,37 | 968,70 | 101,43]
[2025-07-28 15:42:00] [DADOS.NORTE] [norte | 37,65 | 41,73 | 972,53 | 809,58]
[2025-07-28 15:42:01] [DADOS.LESTE] [leste | 21,13 | 47,48 | 988,89 | 897,91]
[2025-07-28 15:42:02] [DADOS.SUL] [sul | 26,57 | 68,24 | 962,37 | 151,03]
[2025-07-28 15:42:03] [DADOS.OESTE] [oeste | 31,28 | 60,78 | 1036,86 | 294,07]
[2025-07-28 15:42:03] [DADOS.NORTE] [norte | 18,73 | 50,77 | 1039,44 | 509,29]
[2025-07-28 15:42:03] [DADOS.LESTE] [leste | 30,30 | 47,23 | 1027,12 | 616,90]
[2025-07-28 15:42:05] [DADOS.NORTE] [norte | 19,64 | 48,19 | 1018,95 | 983,32]
[2025-07-28 15:42:05] [DADOS.SUL] [sul | 35,28 | 75,89 | 953,23 | 323,92]
[2025-07-28 15:42:06] [DADOS.OESTE] [oeste | 26,27 | 36,05 | 1018,29 | 766,52]
[2025-07-28 15:42:06] [DADOS.LESTE] [leste | 23,84 | 49,76 | 999,66 | 355,09]
[2025-07-28 15:42:08] [DADOS.NORTE] [norte | 20,85 | 69,85 | 959,36 | 908,24]
[2025-07-28 15:42:08] [DADOS.SUL] [sul | 22,97 | 59,68 | 998,26 | 490,16]
[2025-07-28 15:42:08] [DADOS.LESTE] [leste | 18,09 | 76,97 | 956,55 | 881,66]
[2025-07-28 15:42:09] [DADOS.OESTE] [oeste | 18,06 | 71,17 | 997,20 | 297,37]
[2025-07-28 15:42:10] [DADOS.NORTE] [norte | 33,28 | 39,41 | 1021,93 | 491,23]
[2025-07-28 15:42:11] [DADOS.SUL] [sul | 30,37 | 55,82 | 1034,59 | 861,10]
[2025-07-28 15:42:11] [DADOS.LESTE] [leste | 18,35 | 33,12 | 1037,93 | 459,71]
[2025-07-28 15:42:12] [DADOS.OESTE] [oeste | 34,73 | 51,62 | 960,34 | 446,59]
[2025-07-28 15:42:12] [DADOS.NORTE] [norte | 23,11 | 44,91 | 1014,71 | 629,45]
[2025-07-28 15:42:13] [DADOS.LESTE] [leste | 31,84 | 64,47 | 966,44 | 637,40]
[2025-07-28 15:42:14] [DADOS.SUL] [sul | 31,93 | 48,79 | 973,93 | 435,05]
[2025-07-28 15:42:15] [DADOS.NORTE] [norte | 26,66 | 77,94 | 1046,97 | 427,81]
[2025-07-28 15:42:15] [DADOS.OESTE] [oeste | 17,38 | 54,06 | 956,00 | 662,29]
[2025-07-28 15:42:16] [DADOS.LESTE] [leste | 21,68 | 44,14 | 1005,23 | 484,92]
[2025-07-28 15:42:17] [DADOS.SUL] [sul | 27,68 | 46,98 | 1029,28 | 894,92]
[2025-07-28 15:42:17] [DADOS.NORTE] [norte | 25,69 | 79,77 | 999,44 | 982,99]
[2025-07-28 15:42:18] [DADOS.LESTE] [leste | 29,93 | 45,27 | 989,60 | 547,68]
[2025-07-28 15:42:19] [DADOS.OESTE] [oeste | 29,08 | 49,61 | 983,95 | 883,10]
[2025-07-28 15:42:19] [DADOS.SUL] [sul | 27,20 | 78,04 | 968,57 | 182,55]
[2025-07-28 15:42:20] [DADOS.NORTE] [norte | 29,17 | 76,35 | 966,56 | 999,80]
[2025-07-28 15:42:21] [DADOS.LESTE] [leste | 30,98 | 36,79 | 1019,77 | 233,01]
[2025-07-28 15:42:22] [DADOS.OESTE] [oeste | 21,81 | 45,77 | 1010,39 | 364,37]
[2025-07-28 15:42:22] [DADOS.NORTE] [norte | 26,27 | 67,52 | 1002,92 | 931,47]
[2025-07-28 15:42:22] [DADOS.SUL] [sul | 15,77 | 66,41 | 971,21 | 929,07]
[2025-07-28 15:42:23] [DADOS.LESTE] [leste | 28,54 | 58,02 | 1010,17 | 973,13]
[2025-07-28 15:42:24] [DADOS.NORTE] [norte | 34,12 | 63,67 | 998,09 | 825,20]
[2025-07-28 15:42:25] [DADOS.SUL] [sul | 34,11 | 43,21 | 1009,81 | 790,53]
[2025-07-28 15:42:25] [DADOS.OESTE] [oeste | 24,29 | 58,49 | 1018,65 | 360,95]
[2025-07-28 15:42:26] [DADOS.LESTE] [leste | 31,67 | 52,69 | 1026,94 | 809,88]
[2025-07-28 15:42:27] [DADOS.NORTE] [norte | 39,60 | 37,16 | 1011,60 | 810,55]
[2025-07-28 15:42:28] [DADOS.SUL] [sul | 24,23 | 45,19 | 991,76 | 423,77]
[2025-07-28 15:42:28] [DADOS.LESTE] [leste | 36,58 | 67,76 | 1009,16 | 128,38]
[2025-07-28 15:42:28] [DADOS.OESTE] [oeste | 33,12 | 48,46 | 965,13 | 781,92]
[2025-07-28 15:42:29] [DADOS.NORTE] [norte | 26,97 | 74,59 | 1022,84 | 389,81]
[2025-07-28 15:42:31] [DADOS.SUL] [sul | 17,91 | 37,72 | 972,94 | 238,67]
[2025-07-28 15:42:31] [DADOS.LESTE] [leste | 26,92 | 50,11 | 961,92 | 826,23]
[2025-07-28 15:42:32] [DADOS.OESTE] [oeste | 38,48 | 69,72 | 1034,92 | 230,64]
[2025-07-28 15:42:32] [DADOS.NORTE] [norte | 16,06 | 30,40 | 989,57 | 976,62]
[2025-07-28 15:42:33] [DADOS.SUL] [sul | 23,33 | 44,22 | 999,55 | 379,94]
[2025-07-28 15:42:33] [DADOS.LESTE] [leste | 35,79 | 52,18 | 1029,45 | 942,31]
[2025-07-28 15:42:34] [DADOS.NORTE] [norte | 36,15 | 41,87 | 962,98 | 481,94]
[2025-07-28 15:42:35] [DADOS.OESTE] [oeste | 18,29 | 62,25 | 981,75 | 157,33]
[2025-07-28 15:42:36] [DADOS.LESTE] [leste | 37,68 | 38,08 | 1005,42 | 685,10]
[2025-07-28 15:42:36] [DADOS.SUL] [sul | 22,18 | 32,79 | 1043,05 | 423,99]
[2025-07-28 15:42:37] [DADOS.NORTE] [norte | 26,83 | 70,50 | 977,43 | 265,01]
[2025-07-28 15:42:38] [DADOS.OESTE] [oeste | 16,52 | 74,37 | 992,92 | 580,88]
[2025-07-28 15:42:38] [DADOS.LESTE] [leste | 33,30 | 63,37 | 1013,81 | 694,17]
[2025-07-28 15:42:39] [DADOS.SUL] [sul | 26,30 | 49,44 | 967,71 | 624,70]
[2025-07-28 15:42:39] [DADOS.NORTE] [norte | 39,76 | 35,15 | 1018,44 | 151,01]
[2025-07-28 15:42:41] [DADOS.LESTE] [leste | 28,85 | 34,65 | 998,74 | 840,68]
[2025-07-28 15:42:41] [DADOS.NORTE] [norte | 39,63 | 47,55 | 973,97 | 266,69]
[2025-07-28 15:42:41] [DADOS.OESTE] [oeste | 31,28 | 75,45 | 1041,43 | 181,36]
[2025-07-28 15:42:42] [DADOS.SUL] [sul | 32,74 | 45,98 | 1010,91 | 105,57]
[2025-07-28 15:42:43] [DADOS.LESTE] [leste | 20,66 | 40,42 | 994,63 | 722,49]
[2025-07-28 15:42:44] [DADOS.NORTE] [norte | 17,89 | 52,03 | 990,75 | 760,82]
[2025-07-28 15:42:45] [DADOS.SUL] [sul | 35,34 | 79,97 | 962,16 | 675,19]
[2025-07-28 15:42:45] [DADOS.OESTE] [oeste | 28,37 | 63,83 | 974,70 | 125,71]
[2025-07-28 15:42:46] [DADOS.LESTE] [leste | 23,45 | 30,63 | 1008,87 | 838,03]
[2025-07-28 15:42:46] [DADOS.NORTE] [norte | 15,14 | 57,23 | 990,10 | 956,98]
[2025-07-28 15:42:47] [DADOS.SUL] [sul | 23,89 | 63,23 | 998,16 | 337,94]
[2025-07-28 15:42:48] [DADOS.OESTE] [oeste | 38,73 | 40,43 | 1042,27 | 164,91]
[2025-07-28 15:42:48] [DADOS.LESTE] [leste | 28,89 | 60,38 | 1038,55 | 829,27]
[2025-07-28 15:42:49] [DADOS.NORTE] [norte | 21,04 | 79,24 | 1045,68 | 433,11]
[2025-07-28 15:42:50] [DADOS.SUL] [sul | 28,77 | 55,83 | 968,98 | 682,61]
[2025-07-28 15:42:51] [DADOS.LESTE] [leste | 22,77 | 52,92 | 959,91 | 768,54]
[2025-07-28 15:42:51] [DADOS.NORTE] [norte | 35,61 | 42,24 | 989,48 | 434,14]
[2025-07-28 15:42:51] [DADOS.OESTE] [oeste | 20,66 | 53,39 | 983,02 | 633,30]
[2025-07-28 15:42:53] [DADOS.SUL] [sul | 24,85 | 41,78 | 1032,60 | 557,56]
[2025-07-28 15:42:53] [DADOS.LESTE] [leste | 26,11 | 77,90 | 974,81 | 826,73]
[2025-07-28 15:42:54] [DADOS.NORTE] [norte | 32,02 | 54,94 | 991,71 | 302,09]
[2025-07-28 15:42:54] [DADOS.OESTE] [oeste | 18,75 | 75,25 | 976,82 | 387,79]
[2025-07-28 15:42:56] [DADOS.SUL] [sul | 17,89 | 33,71 | 1004,06 | 983,52]
[2025-07-28 15:42:56] [DADOS.LESTE] [leste | 31,93 | 33,65 | 971,71 | 700,93]
[2025-07-28 15:42:56] [DADOS.NORTE] [norte | 33,25 | 48,58 | 955,30 | 951,30]
[2025-07-28 15:42:58] [DADOS.OESTE] [oeste | 31,49 | 49,98 | 1015,13 | 248,26]
[2025-07-28 15:42:58] [DADOS.NORTE] [norte | 29,40 | 74,94 | 976,25 | 125,75]
[2025-07-28 15:42:58] [DADOS.LESTE] [leste | 34,85 | 66,27 | 960,72 | 398,67]
[2025-07-28 15:42:59] [DADOS.SUL] [sul | 25,72 | 34,17 | 1019,28 | 611,88]
[2025-07-28 15:43:01] [DADOS.NORTE] [norte | 17,42 | 70,82 | 1047,65 | 249,82]
[2025-07-28 15:43:01] [DADOS.LESTE] [leste | 21,33 | 54,32 | 971,72 | 172,45]
[2025-07-28 15:43:01] [DADOS.OESTE] [oeste | 33,25 | 43,44 | 960,35 | 438,82]
[2025-07-28 15:43:01] [DADOS.SUL] [sul | 33,40 | 32,25 | 1013,28 | 810,27]
[2025-07-28 15:43:03] [DADOS.NORTE] [norte | 17,17 | 48,88 | 1026,54 | 624,59]
[2025-07-28 15:43:03] [DADOS.LESTE] [leste | 28,08 | 34,92 | 962,67 | 373,98]
[2025-07-28 15:43:04] [DADOS.OESTE] [oeste | 34,53 | 47,83 | 1044,65 | 784,40]
[2025-07-28 15:43:04] [DADOS.SUL] [sul | 23,47 | 35,77 | 978,10 | 845,37]
[2025-07-28 15:43:06] [DADOS.NORTE] [norte | 30,71 | 73,51 | 1040,99 | 527,28]
[2025-07-28 15:43:06] [DADOS.LESTE] [leste | 35,76 | 46,19 | 971,14 | 950,11]
[2025-07-28 15:43:07] [DADOS.SUL] [sul | 32,53 | 30,59 | 996,38 | 537,56]
[2025-07-28 15:43:07] [DADOS.OESTE] [oeste | 30,60 | 77,14 | 1005,83 | 186,76]
[2025-07-28 15:43:08] [DADOS.NORTE] [norte | 16,38 | 74,16 | 987,26 | 443,43]
[2025-07-28 15:43:08] [DADOS.LESTE] [leste | 18,58 | 61,22 | 956,38 | 634,34]
[2025-07-28 15:43:10] [DADOS.SUL] [sul | 39,52 | 70,90 | 1043,48 | 682,11]
[2025-07-28 15:43:10] [DADOS.NORTE] [norte | 20,39 | 38,02 | 956,12 | 998,32]
[2025-07-28 15:43:11] [DADOS.OESTE] [oeste | 34,77 | 48,44 | 969,64 | 289,98]
[2025-07-28 15:43:11] [DADOS.LESTE] [leste | 19,47 | 40,94 | 1021,34 | 296,77]
[2025-07-28 15:43:13] [DADOS.SUL] [sul | 24,30 | 36,42 | 1012,76 | 367,03]
[2025-07-28 15:43:13] [DADOS.NORTE] [norte | 20,80 | 58,64 | 1031,70 | 157,09]
[2025-07-28 15:43:13] [DADOS.LESTE] [leste | 38,04 | 36,65 | 974,76 | 903,52]
[2025-07-28 15:43:14] [DADOS.OESTE] [oeste | 16,64 | 71,00 | 966,03 | 446,58]
[2025-07-28 15:43:15] [DADOS.NORTE] [norte | 17,88 | 46,73 | 1026,05 | 531,56]
[2025-07-28 15:43:15] [DADOS.SUL] [sul | 22,24 | 45,05 | 1047,08 | 869,17]
[2025-07-28 15:43:16] [DADOS.LESTE] [leste | 31,18 | 78,14 | 991,57 | 901,70]
[2025-07-28 15:43:17] [DADOS.OESTE] [oeste | 19,52 | 63,44 | 1010,26 | 912,34]
[2025-07-28 15:43:18] [DADOS.NORTE] [norte | 24,91 | 34,98 | 1048,57 | 765,59]
[2025-07-28 15:43:18] [DADOS.SUL] [sul | 16,31 | 32,45 | 952,41 | 276,92]
[2025-07-28 15:43:18] [DADOS.LESTE] [leste | 33,31 | 40,18 | 956,98 | 990,51]
